<?xml version="1.0" encoding="UTF-8"?>
<testsuite name="com.github.diegopacheco.rxnetty.router.test.JerseyRouterTest" tests="1" skipped="0" failures="0" errors="0" timestamp="2017-06-18T04:43:32" hostname="4winds" time="2.414">
  <properties/>
  <testcase name="testSimple" classname="com.github.diegopacheco.rxnetty.router.test.JerseyRouterTest" time="2.414"/>
  <system-out><![CDATA[Server on 8086... 
2017-06-18 01:43:33 INFO  TcpServerImpl:208 - Rx server started at port: 8086
Classes: [class com.github.diegopacheco.rxnetty.router.test.RestInfo]
***********************
Injector: Injector{bindings=[InstanceBinding{key=Key[type=com.google.inject.Stage, annotation=[none]], source=[unknown source], instance=DEVELOPMENT}, ProviderInstanceBinding{key=Key[type=com.google.inject.Injector, annotation=[none]], source=[unknown source], scope=Scopes.NO_SCOPE, provider=Provider<Injector>}, ProviderInstanceBinding{key=Key[type=java.util.logging.Logger, annotation=[none]], source=[unknown source], scope=Scopes.NO_SCOPE, provider=Provider<Logger>}, ConstructorBinding{key=Key[type=com.github.diegopacheco.rxnetty.router.test.RestInfo, annotation=[none]], source=com.github.diegopacheco.rxnetty.router.test.GuiceModule.configure(GuiceModule.java:9), scope=eager singleton}]}
Handler:{/info/now=public java.lang.String com.github.diegopacheco.rxnetty.router.test.RestInfo.work(), /info/ob=public rx.Observable com.github.diegopacheco.rxnetty.router.test.RestInfo.workOb()}
URI: /info/ob
Method Handler: public rx.Observable com.github.diegopacheco.rxnetty.router.test.RestInfo.workOb()
Instance: com.github.diegopacheco.rxnetty.router.test.RestInfo@14328cd6
rx.internal.util.ScalarSynchronousObservable@2bfc1f80
Classes: [class com.github.diegopacheco.rxnetty.router.test.RestInfo]
***********************
Injector: Injector{bindings=[InstanceBinding{key=Key[type=com.google.inject.Stage, annotation=[none]], source=[unknown source], instance=DEVELOPMENT}, ProviderInstanceBinding{key=Key[type=com.google.inject.Injector, annotation=[none]], source=[unknown source], scope=Scopes.NO_SCOPE, provider=Provider<Injector>}, ProviderInstanceBinding{key=Key[type=java.util.logging.Logger, annotation=[none]], source=[unknown source], scope=Scopes.NO_SCOPE, provider=Provider<Logger>}, ConstructorBinding{key=Key[type=com.github.diegopacheco.rxnetty.router.test.RestInfo, annotation=[none]], source=com.github.diegopacheco.rxnetty.router.test.GuiceModule.configure(GuiceModule.java:9), scope=eager singleton}]}
Handler:{/info/now=public java.lang.String com.github.diegopacheco.rxnetty.router.test.RestInfo.work(), /info/ob=public rx.Observable com.github.diegopacheco.rxnetty.router.test.RestInfo.workOb()}
URI: /info/now
Method Handler: public java.lang.String com.github.diegopacheco.rxnetty.router.test.RestInfo.work()
Instance: com.github.diegopacheco.rxnetty.router.test.RestInfo@55349700
rx.internal.util.ScalarSynchronousObservable@24e4522f
]]></system-out>
  <system-err><![CDATA[]]></system-err>
</testsuite>
