<?xml version="1.0" encoding="UTF-8"?>
<testsuite name="com.github.diegopacheco.rxnetty.builder.test.RxNettyServerBuilderTest" tests="1" skipped="0" failures="0" errors="0" timestamp="2017-06-18T04:43:35" hostname="4winds" time="2.035">
  <properties/>
  <testcase name="testServer" classname="com.github.diegopacheco.rxnetty.builder.test.RxNettyServerBuilderTest" time="2.035"/>
  <system-out><![CDATA[2017-06-18 01:43:35 INFO  TcpServerImpl:208 - Rx server started at port: 9090
Classes: [class com.github.diegopacheco.rxnetty.builder.test.RestInfo]
***********************
Injector: Injector{bindings=[InstanceBinding{key=Key[type=com.google.inject.Stage, annotation=[none]], source=[unknown source], instance=DEVELOPMENT}, ProviderInstanceBinding{key=Key[type=com.google.inject.Injector, annotation=[none]], source=[unknown source], scope=Scopes.NO_SCOPE, provider=Provider<Injector>}, ProviderInstanceBinding{key=Key[type=java.util.logging.Logger, annotation=[none]], source=[unknown source], scope=Scopes.NO_SCOPE, provider=Provider<Logger>}, ConstructorBinding{key=Key[type=com.github.diegopacheco.rxnetty.builder.test.RestInfo, annotation=[none]], source=com.github.diegopacheco.rxnetty.builder.test.GuiceModule.configure(GuiceModule.java:9), scope=eager singleton}]}
Handler:{/info/now=public java.lang.String com.github.diegopacheco.rxnetty.builder.test.RestInfo.work(), /info/ob=public rx.Observable com.github.diegopacheco.rxnetty.builder.test.RestInfo.workOb()}
URI: /info/ob
Method Handler: public rx.Observable com.github.diegopacheco.rxnetty.builder.test.RestInfo.workOb()
Instance: com.github.diegopacheco.rxnetty.builder.test.RestInfo@2b714084
rx.internal.util.ScalarSynchronousObservable@1172f513
Classes: [class com.github.diegopacheco.rxnetty.builder.test.RestInfo]
***********************
Injector: Injector{bindings=[InstanceBinding{key=Key[type=com.google.inject.Stage, annotation=[none]], source=[unknown source], instance=DEVELOPMENT}, ProviderInstanceBinding{key=Key[type=com.google.inject.Injector, annotation=[none]], source=[unknown source], scope=Scopes.NO_SCOPE, provider=Provider<Injector>}, ProviderInstanceBinding{key=Key[type=java.util.logging.Logger, annotation=[none]], source=[unknown source], scope=Scopes.NO_SCOPE, provider=Provider<Logger>}, ConstructorBinding{key=Key[type=com.github.diegopacheco.rxnetty.builder.test.RestInfo, annotation=[none]], source=com.github.diegopacheco.rxnetty.builder.test.GuiceModule.configure(GuiceModule.java:9), scope=eager singleton}]}
Handler:{/info/now=public java.lang.String com.github.diegopacheco.rxnetty.builder.test.RestInfo.work(), /info/ob=public rx.Observable com.github.diegopacheco.rxnetty.builder.test.RestInfo.workOb()}
URI: /info/now
Method Handler: public java.lang.String com.github.diegopacheco.rxnetty.builder.test.RestInfo.work()
Instance: com.github.diegopacheco.rxnetty.builder.test.RestInfo@25dd1403
rx.internal.util.ScalarSynchronousObservable@287740a6
]]></system-out>
  <system-err><![CDATA[]]></system-err>
</testsuite>
